2003.10.12 12:53 B d:\Every\Homepage\alap-hatter.jpg <-- Imi Honlapja / alap-hatter.jpg
2003.10.16 18:42 B D:\Every\Homepage\desktop.gif --> ftp.uw.hu / desktop.gif
2003.10.16 18:42 B D:\Every\Homepage\desktop.htm --> ftp.uw.hu / desktop.htm
2003.10.16 18:43 B D:\Every\Homepage\email.gif --> ftp.uw.hu / email.gif
2003.10.16 18:43 B D:\Every\Homepage\email.htm --> ftp.uw.hu / email.htm
2003.10.16 18:43 B D:\Every\Homepage\enter.htm --> ftp.uw.hu / enter.htm
2003.10.16 18:43 B D:\Every\Homepage\enter.js --> ftp.uw.hu / enter.js
2003.10.16 18:43 B D:\Every\Homepage\er.gif --> ftp.uw.hu / er.gif
2003.10.16 18:43 B D:\Every\Homepage\er.htm --> ftp.uw.hu / er.htm
2003.10.16 18:43 B D:\Every\Homepage\fomenu.htm --> ftp.uw.hu / fomenu.htm
2003.10.16 18:43 B D:\Every\Homepage\info.gif --> ftp.uw.hu / info.gif
2003.10.16 18:43 B D:\Every\Homepage\info.htm --> ftp.uw.hu / info.htm
2003.10.16 18:44 B D:\Every\Homepage\letoltes.gif --> ftp.uw.hu / letoltes.gif
2003.10.16 18:44 B D:\Every\Homepage\letoltes.htm --> ftp.uw.hu / letoltes.htm
2003.10.16 18:44 B D:\Every\Homepage\link.gif --> ftp.uw.hu / link.gif
2003.10.16 18:44 B D:\Every\Homepage\link.htm --> ftp.uw.hu / link.htm
2003.10.16 18:44 B D:\Every\Homepage\sajat.gif --> ftp.uw.hu / sajat.gif
2003.10.16 18:44 B D:\Every\Homepage\sajat.htm --> ftp.uw.hu / sajat.htm
2003.10.16 18:44 B D:\Every\Homepage\search.gif --> ftp.uw.hu / search.gif
2003.10.16 18:44 B D:\Every\Homepage\search.htm --> ftp.uw.hu / search.htm
2003.10.16 18:44 B D:\Every\Homepage\teszt.gif --> ftp.uw.hu / teszt.gif
2003.10.16 18:44 B D:\Every\Homepage\teszt.htm --> ftp.uw.hu / teszt.htm
2003.10.16 18:47 B D:\Every\Homepage\kozep.htm --> ftp.uw.hu / kozep.htm
2003.10.16 18:47 B D:\Every\Homepage\url.gif --> ftp.uw.hu / url.gif
2003.10.16 18:49 B D:\Every\Homepage\alapkek.gif --> ftp.uw.hu / alapkek.gif
2003.10.16 18:49 B D:\Every\Homepage\apro.gif --> ftp.uw.hu / apro.gif
2003.10.16 18:49 B D:\Every\Homepage\apro.htm --> ftp.uw.hu / apro.htm
2003.10.16 18:49 B D:\Every\Homepage\back.gif --> ftp.uw.hu / back.gif
2003.10.16 18:49 B D:\Every\Homepage\back01.gif --> ftp.uw.hu / back01.gif
2003.10.16 18:49 B D:\Every\Homepage\back02.gif --> ftp.uw.hu / back02.gif
2003.10.16 18:49 B D:\Every\Homepage\back03.gif --> ftp.uw.hu / back03.gif
2003.10.16 18:49 B D:\Every\Homepage\balmenu.htm --> ftp.uw.hu / balmenu.htm
2003.10.16 18:49 B D:\Every\Homepage\baloldal.jpg --> ftp.uw.hu / baloldal.jpg
2003.10.16 18:50 B D:\Every\Homepage\balsarok.jpg --> ftp.uw.hu / balsarok.jpg
2003.10.16 18:50 B D:\Every\Homepage\desktop.bmp --> ftp.uw.hu / desktop.bmp
2003.10.16 18:50 B D:\Every\Homepage\desktop01.gif --> ftp.uw.hu / desktop01.gif
2003.10.16 18:50 B D:\Every\Homepage\desktop02.gif --> ftp.uw.hu / desktop02.gif
2003.10.16 18:50 B D:\Every\Homepage\desktop03.gif --> ftp.uw.hu / desktop03.gif
2003.10.16 18:50 B D:\Every\Homepage\download.bmp --> ftp.uw.hu / download.bmp
2003.10.16 18:50 B D:\Every\Homepage\email.bmp --> ftp.uw.hu / email.bmp
2003.10.16 18:50 B D:\Every\Homepage\email01.gif --> ftp.uw.hu / email01.gif
2003.10.16 18:50 B D:\Every\Homepage\email02.gif --> ftp.uw.hu / email02.gif
2003.10.16 18:50 B D:\Every\Homepage\email03.gif --> ftp.uw.hu / email03.gif
2003.10.16 18:50 B D:\Every\Homepage\eng.htm --> ftp.uw.hu / eng.htm
2003.10.16 18:50 B D:\Every\Homepage\eng.html --> ftp.uw.hu / eng.html
2003.10.16 18:50 B D:\Every\Homepage\er.bmp --> ftp.uw.hu / er.bmp
2003.10.16 18:50 B D:\Every\Homepage\er.gif --> ftp.uw.hu / er.gif
2003.10.16 18:50 B D:\Every\Homepage\er.htm --> ftp.uw.hu / er.htm
2003.10.16 18:50 B D:\Every\Homepage\er_logo.gif --> ftp.uw.hu / er_logo.gif
2003.10.16 18:50 B D:\Every\Homepage\er_screenshot01.gif --> ftp.uw.hu / er_screenshot01.gif
2003.10.16 18:50 B D:\Every\Homepage\er_screenshot02.gif --> ftp.uw.hu / er_screenshot02.gif
2003.10.16 18:51 B D:\Every\Homepage\er_screenshot03.gif --> ftp.uw.hu / er_screenshot03.gif
2003.10.16 18:51 B D:\Every\Homepage\er_screenshot04.gif --> ftp.uw.hu / er_screenshot04.gif
2003.10.16 18:51 B D:\Every\Homepage\examentlogo.gif --> ftp.uw.hu / examentlogo.gif
2003.10.16 18:51 B D:\Every\Homepage\fent.jpg --> ftp.uw.hu / fent.jpg
2003.10.16 18:51 B D:\Every\Homepage\fkoros.jpg --> ftp.uw.hu / fkoros.jpg
2003.10.16 18:51 B D:\Every\Homepage\fooldal.htm --> ftp.uw.hu / fooldal.htm
2003.10.16 18:51 B D:\Every\Homepage\forum.bmp --> ftp.uw.hu / forum.bmp
2003.10.16 18:51 B D:\Every\Homepage\forum.gif --> ftp.uw.hu / forum.gif
2003.10.16 18:51 B D:\Every\Homepage\forum01.gif --> ftp.uw.hu / forum01.gif
2003.10.16 18:51 B D:\Every\Homepage\forum02.gif --> ftp.uw.hu / forum02.gif
2003.10.16 18:51 B D:\Every\Homepage\forum03.gif --> ftp.uw.hu / forum03.gif
2003.10.16 18:51 B D:\Every\Homepage\hotpost.gif --> ftp.uw.hu / hotpost.gif
2003.10.16 18:51 B D:\Every\Homepage\hotpost.htm --> ftp.uw.hu / hotpost.htm
2003.10.16 18:51 B D:\Every\Homepage\hun.htm --> ftp.uw.hu / hun.htm
2003.10.16 18:51 B D:\Every\Homepage\hunmenu.htm --> ftp.uw.hu / hunmenu.htm
2003.10.16 18:51 B D:\Every\Homepage\img_eng1.gif --> ftp.uw.hu / img_eng1.gif
2003.10.16 18:52 B D:\Every\Homepage\img_eng2.gif --> ftp.uw.hu / img_eng2.gif
2003.10.16 18:52 B D:\Every\Homepage\img_hun1.gif --> ftp.uw.hu / img_hun1.gif
2003.10.16 18:52 B D:\Every\Homepage\img_hun2.gif --> ftp.uw.hu / img_hun2.gif
2003.10.16 18:52 B D:\Every\Homepage\imiedit.exe --> ftp.uw.hu / imiedit.exe
